CRITICAL - 2023-06-20 14:28:49 --> Creation of dynamic property App\Controllers\Site\Home::$validation is deprecated
in APPPATH\Controllers\Site\Home.php on line 17.
 1 APPPATH\Controllers\Site\Home.php(17): CodeIgniter\Debug\Exceptions->errorHandler(8192, 'Creation of dynamic property App\\Controllers\\Site\\Home::$validation is deprecated', 'APPPATH\\Controllers\\Site\\Home.php', 17)
 2 SYSTEMPATH\CodeIgniter.php(887): App\Controllers\Site\Home->__construct()
 3 SYSTEMPATH\CodeIgniter.php(471): CodeIgniter\CodeIgniter->createController()
 4 SYSTEMPATH\CodeIgniter.php(349): CodeIgniter\CodeIgniter->handleRequest(null, Object(Config\Cache), false)
 5 FCPATH\index.php(67): CodeIgniter\CodeIgniter->run()
CRITICAL - 2023-06-20 14:29:17 --> Creation of dynamic property App\Controllers\Site\Home::$validation is deprecated
in APPPATH\Controllers\Site\Home.php on line 17.
 1 APPPATH\Controllers\Site\Home.php(17): CodeIgniter\Debug\Exceptions->errorHandler(8192, 'Creation of dynamic property App\\Controllers\\Site\\Home::$validation is deprecated', 'APPPATH\\Controllers\\Site\\Home.php', 17)
 2 SYSTEMPATH\CodeIgniter.php(887): App\Controllers\Site\Home->__construct()
 3 SYSTEMPATH\CodeIgniter.php(471): CodeIgniter\CodeIgniter->createController()
 4 SYSTEMPATH\CodeIgniter.php(349): CodeIgniter\CodeIgniter->handleRequest(null, Object(Config\Cache), false)
 5 FCPATH\index.php(67): CodeIgniter\CodeIgniter->run()
CRITICAL - 2023-06-20 14:38:14 --> Creation of dynamic property App\Controllers\Site\Home::$validation is deprecated
in APPPATH\Controllers\Site\Home.php on line 17.
 1 APPPATH\Controllers\Site\Home.php(17): CodeIgniter\Debug\Exceptions->errorHandler(8192, 'Creation of dynamic property App\\Controllers\\Site\\Home::$validation is deprecated', 'APPPATH\\Controllers\\Site\\Home.php', 17)
 2 SYSTEMPATH\CodeIgniter.php(887): App\Controllers\Site\Home->__construct()
 3 SYSTEMPATH\CodeIgniter.php(471): CodeIgniter\CodeIgniter->createController()
 4 SYSTEMPATH\CodeIgniter.php(349): CodeIgniter\CodeIgniter->handleRequest(null, Object(Config\Cache), false)
 5 FCPATH\index.php(67): CodeIgniter\CodeIgniter->run()
