CRITICAL - 2023-06-23 14:00:33 --> Use of undefined constant slug - assumed 'slug' (this will throw an Error in a future version of PHP)
in APPPATH\Controllers\Admin\Servicos.php on line 161.
 1 APPPATH\Controllers\Admin\Servicos.php(161): CodeIgniter\Debug\Exceptions->errorHandler(2, 'Use of undefined constant slug - assumed \'slug\' (this will throw an Error in a future version of PHP)', 'APPPATH\\Controllers\\Admin\\Servicos.php', 161, [...])
 2 APPPATH\Controllers\Admin\Servicos.php(133): App\Controllers\Admin\Servicos->update('22')
 3 SYSTEMPATH\CodeIgniter.php(925): App\Controllers\Admin\Servicos->edit('22')
 4 SYSTEMPATH\CodeIgniter.php(480): CodeIgniter\CodeIgniter->runController(Object(App\Controllers\Admin\Servicos))
 5 SYSTEMPATH\CodeIgniter.php(349): CodeIgniter\CodeIgniter->handleRequest(null, Object(Config\Cache), false)
 6 FCPATH\index.php(67): CodeIgniter\CodeIgniter->run()
CRITICAL - 2023-06-23 14:02:07 --> Array to string conversion
in APPPATH\Controllers\Admin\Servicos.php on line 169.
 1 APPPATH\Controllers\Admin\Servicos.php(169): CodeIgniter\Debug\Exceptions->errorHandler(8, 'Array to string conversion', 'APPPATH\\Controllers\\Admin\\Servicos.php', 169, [...])
 2 APPPATH\Controllers\Admin\Servicos.php(133): App\Controllers\Admin\Servicos->update('22')
 3 SYSTEMPATH\CodeIgniter.php(925): App\Controllers\Admin\Servicos->edit('22')
 4 SYSTEMPATH\CodeIgniter.php(480): CodeIgniter\CodeIgniter->runController(Object(App\Controllers\Admin\Servicos))
 5 SYSTEMPATH\CodeIgniter.php(349): CodeIgniter\CodeIgniter->handleRequest(null, Object(Config\Cache), false)
 6 FCPATH\index.php(67): CodeIgniter\CodeIgniter->run()
CRITICAL - 2023-06-23 14:02:26 --> Array to string conversion
in APPPATH\Controllers\Admin\Servicos.php on line 169.
 1 APPPATH\Controllers\Admin\Servicos.php(169): CodeIgniter\Debug\Exceptions->errorHandler(8, 'Array to string conversion', 'APPPATH\\Controllers\\Admin\\Servicos.php', 169, [...])
 2 APPPATH\Controllers\Admin\Servicos.php(133): App\Controllers\Admin\Servicos->update('22')
 3 SYSTEMPATH\CodeIgniter.php(925): App\Controllers\Admin\Servicos->edit('22')
 4 SYSTEMPATH\CodeIgniter.php(480): CodeIgniter\CodeIgniter->runController(Object(App\Controllers\Admin\Servicos))
 5 SYSTEMPATH\CodeIgniter.php(349): CodeIgniter\CodeIgniter->handleRequest(null, Object(Config\Cache), false)
 6 FCPATH\index.php(67): CodeIgniter\CodeIgniter->run()
CRITICAL - 2023-06-23 14:09:57 --> Trying to get property 'titulo' of non-object
in APPPATH\Views\site\servicos-detalhes.php on line 8.
 1 APPPATH\Views\site\servicos-detalhes.php(8): CodeIgniter\Debug\Exceptions->errorHandler(8, 'Trying to get property \'titulo\' of non-object', 'APPPATH\\Views\\site\\servicos-detalhes.php', 8, [...])
 2 SYSTEMPATH\View\View.php(213): include('APPPATH\\Views\\site\\servicos-detalhes.php')
 3 SYSTEMPATH\View\View.php(216): CodeIgniter\View\View->CodeIgniter\View\{closure}()
 4 SYSTEMPATH\Common.php(1135): CodeIgniter\View\View->render('site/servicos-detalhes.php', [], true)
 5 APPPATH\Controllers\Site\Servicos.php(44): view('site/servicos-detalhes.php')
 6 SYSTEMPATH\CodeIgniter.php(925): App\Controllers\Site\Servicos->servicos('consultoria')
 7 SYSTEMPATH\CodeIgniter.php(480): CodeIgniter\CodeIgniter->runController(Object(App\Controllers\Site\Servicos))
 8 SYSTEMPATH\CodeIgniter.php(349): CodeIgniter\CodeIgniter->handleRequest(null, Object(Config\Cache), false)
 9 FCPATH\index.php(67): CodeIgniter\CodeIgniter->run()
CRITICAL - 2023-06-23 16:45:51 --> Use of undefined constant ENV - assumed 'ENV' (this will throw an Error in a future version of PHP)
in APPPATH\Views\admin\home\sobre.php on line 32.
 1 APPPATH\Views\admin\home\sobre.php(32): CodeIgniter\Debug\Exceptions->errorHandler(2, 'Use of undefined constant ENV - assumed \'ENV\' (this will throw an Error in a future version of PHP)', 'APPPATH\\Views\\admin\\home\\sobre.php', 32, [])
 2 SYSTEMPATH\View\View.php(213): include('APPPATH\\Views\\admin\\home\\sobre.php')
 3 SYSTEMPATH\View\View.php(216): CodeIgniter\View\View->CodeIgniter\View\{closure}()
 4 SYSTEMPATH\Common.php(1135): CodeIgniter\View\View->render('admin/home/sobre.php', [], true)
 5 APPPATH\Controllers\Admin\Home.php(45): view('admin/home/sobre.php')
 6 SYSTEMPATH\CodeIgniter.php(925): App\Controllers\Admin\Home->sobre()
 7 SYSTEMPATH\CodeIgniter.php(480): CodeIgniter\CodeIgniter->runController(Object(App\Controllers\Admin\Home))
 8 SYSTEMPATH\CodeIgniter.php(349): CodeIgniter\CodeIgniter->handleRequest(null, Object(Config\Cache), false)
 9 FCPATH\index.php(67): CodeIgniter\CodeIgniter->run()
CRITICAL - 2023-06-23 17:05:54 --> A non well formed numeric value encountered
in APPPATH\Views\admin\home\sobre.php on line 41.
 1 [internal function]: CodeIgniter\Debug\Exceptions->errorHandler(8, 'A non well formed numeric value encountered', 'APPPATH\\Views\\admin\\home\\sobre.php', 41, [])
 2 APPPATH\Views\admin\home\sobre.php(41): date('Y', '15/01/2023')
 3 SYSTEMPATH\View\View.php(213): include('APPPATH\\Views\\admin\\home\\sobre.php')
 4 SYSTEMPATH\View\View.php(216): CodeIgniter\View\View->CodeIgniter\View\{closure}()
 5 SYSTEMPATH\Common.php(1135): CodeIgniter\View\View->render('admin/home/sobre.php', [], true)
 6 APPPATH\Controllers\Admin\Home.php(45): view('admin/home/sobre.php')
 7 SYSTEMPATH\CodeIgniter.php(925): App\Controllers\Admin\Home->sobre()
 8 SYSTEMPATH\CodeIgniter.php(480): CodeIgniter\CodeIgniter->runController(Object(App\Controllers\Admin\Home))
 9 SYSTEMPATH\CodeIgniter.php(349): CodeIgniter\CodeIgniter->handleRequest(null, Object(Config\Cache), false)
10 FCPATH\index.php(67): CodeIgniter\CodeIgniter->run()
CRITICAL - 2023-06-23 17:07:53 --> syntax error, unexpected '$_ENV' (T_VARIABLE), expecting ';' or ','
in APPPATH\Views\admin\home\sobre.php on line 41.
 1 SYSTEMPATH\View\View.php(216): CodeIgniter\View\View->CodeIgniter\View\{closure}()
 2 SYSTEMPATH\Common.php(1135): CodeIgniter\View\View->render('admin/home/sobre.php', [], true)
 3 APPPATH\Controllers\Admin\Home.php(45): view('admin/home/sobre.php')
 4 SYSTEMPATH\CodeIgniter.php(925): App\Controllers\Admin\Home->sobre()
 5 SYSTEMPATH\CodeIgniter.php(480): CodeIgniter\CodeIgniter->runController(Object(App\Controllers\Admin\Home))
 6 SYSTEMPATH\CodeIgniter.php(349): CodeIgniter\CodeIgniter->handleRequest(null, Object(Config\Cache), false)
 7 FCPATH\index.php(67): CodeIgniter\CodeIgniter->run()
CRITICAL - 2023-06-23 17:08:23 --> Object of class DateTime could not be converted to string
in APPPATH\Views\admin\home\sobre.php on line 41.
 1 SYSTEMPATH\View\View.php(213): include()
 2 SYSTEMPATH\View\View.php(216): CodeIgniter\View\View->CodeIgniter\View\{closure}()
 3 SYSTEMPATH\Common.php(1135): CodeIgniter\View\View->render('admin/home/sobre.php', [], true)
 4 APPPATH\Controllers\Admin\Home.php(45): view('admin/home/sobre.php')
 5 SYSTEMPATH\CodeIgniter.php(925): App\Controllers\Admin\Home->sobre()
 6 SYSTEMPATH\CodeIgniter.php(480): CodeIgniter\CodeIgniter->runController(Object(App\Controllers\Admin\Home))
 7 SYSTEMPATH\CodeIgniter.php(349): CodeIgniter\CodeIgniter->handleRequest(null, Object(Config\Cache), false)
 8 FCPATH\index.php(67): CodeIgniter\CodeIgniter->run()
CRITICAL - 2023-06-23 17:09:28 --> Object of class DateTime could not be converted to string
in APPPATH\Views\admin\home\sobre.php on line 41.
 1 SYSTEMPATH\View\View.php(213): include()
 2 SYSTEMPATH\View\View.php(216): CodeIgniter\View\View->CodeIgniter\View\{closure}()
 3 SYSTEMPATH\Common.php(1135): CodeIgniter\View\View->render('admin/home/sobre.php', [], true)
 4 APPPATH\Controllers\Admin\Home.php(45): view('admin/home/sobre.php')
 5 SYSTEMPATH\CodeIgniter.php(925): App\Controllers\Admin\Home->sobre()
 6 SYSTEMPATH\CodeIgniter.php(480): CodeIgniter\CodeIgniter->runController(Object(App\Controllers\Admin\Home))
 7 SYSTEMPATH\CodeIgniter.php(349): CodeIgniter\CodeIgniter->handleRequest(null, Object(Config\Cache), false)
 8 FCPATH\index.php(67): CodeIgniter\CodeIgniter->run()
CRITICAL - 2023-06-23 17:12:25 --> A non well formed numeric value encountered
in APPPATH\Views\admin\home\sobre.php on line 40.
 1 [internal function]: CodeIgniter\Debug\Exceptions->errorHandler(8, 'A non well formed numeric value encountered', 'APPPATH\\Views\\admin\\home\\sobre.php', 40, [])
 2 APPPATH\Views\admin\home\sobre.php(40): date('Y', '15/01/2023')
 3 SYSTEMPATH\View\View.php(213): include('APPPATH\\Views\\admin\\home\\sobre.php')
 4 SYSTEMPATH\View\View.php(216): CodeIgniter\View\View->CodeIgniter\View\{closure}()
 5 SYSTEMPATH\Common.php(1135): CodeIgniter\View\View->render('admin/home/sobre.php', [], true)
 6 APPPATH\Controllers\Admin\Home.php(45): view('admin/home/sobre.php')
 7 SYSTEMPATH\CodeIgniter.php(925): App\Controllers\Admin\Home->sobre()
 8 SYSTEMPATH\CodeIgniter.php(480): CodeIgniter\CodeIgniter->runController(Object(App\Controllers\Admin\Home))
 9 SYSTEMPATH\CodeIgniter.php(349): CodeIgniter\CodeIgniter->handleRequest(null, Object(Config\Cache), false)
10 FCPATH\index.php(67): CodeIgniter\CodeIgniter->run()
CRITICAL - 2023-06-23 17:14:09 --> syntax error, unexpected ')', expecting ';' or ','
in APPPATH\Views\admin\home\sobre.php on line 40.
 1 SYSTEMPATH\View\View.php(216): CodeIgniter\View\View->CodeIgniter\View\{closure}()
 2 SYSTEMPATH\Common.php(1135): CodeIgniter\View\View->render('admin/home/sobre.php', [], true)
 3 APPPATH\Controllers\Admin\Home.php(45): view('admin/home/sobre.php')
 4 SYSTEMPATH\CodeIgniter.php(925): App\Controllers\Admin\Home->sobre()
 5 SYSTEMPATH\CodeIgniter.php(480): CodeIgniter\CodeIgniter->runController(Object(App\Controllers\Admin\Home))
 6 SYSTEMPATH\CodeIgniter.php(349): CodeIgniter\CodeIgniter->handleRequest(null, Object(Config\Cache), false)
 7 FCPATH\index.php(67): CodeIgniter\CodeIgniter->run()
CRITICAL - 2023-06-23 17:16:12 --> syntax error, unexpected 'var_dump' (T_STRING)
in APPPATH\Views\admin\home\sobre.php on line 45.
 1 SYSTEMPATH\View\View.php(216): CodeIgniter\View\View->CodeIgniter\View\{closure}()
 2 SYSTEMPATH\Common.php(1135): CodeIgniter\View\View->render('admin/home/sobre.php', [], true)
 3 APPPATH\Controllers\Admin\Home.php(45): view('admin/home/sobre.php')
 4 SYSTEMPATH\CodeIgniter.php(925): App\Controllers\Admin\Home->sobre()
 5 SYSTEMPATH\CodeIgniter.php(480): CodeIgniter\CodeIgniter->runController(Object(App\Controllers\Admin\Home))
 6 SYSTEMPATH\CodeIgniter.php(349): CodeIgniter\CodeIgniter->handleRequest(null, Object(Config\Cache), false)
 7 FCPATH\index.php(67): CodeIgniter\CodeIgniter->run()
CRITICAL - 2023-06-23 17:36:50 --> Undefined index: TITULO_ADMIN
in APPPATH\Views\admin\home\sobre.php on line 41.
 1 APPPATH\Views\admin\home\sobre.php(41): CodeIgniter\Debug\Exceptions->errorHandler(8, 'Undefined index: TITULO_ADMIN', 'APPPATH\\Views\\admin\\home\\sobre.php', 41, [])
 2 SYSTEMPATH\View\View.php(213): include('APPPATH\\Views\\admin\\home\\sobre.php')
 3 SYSTEMPATH\View\View.php(216): CodeIgniter\View\View->CodeIgniter\View\{closure}()
 4 SYSTEMPATH\Common.php(1135): CodeIgniter\View\View->render('admin/home/sobre.php', [], true)
 5 APPPATH\Controllers\Admin\Home.php(45): view('admin/home/sobre.php')
 6 SYSTEMPATH\CodeIgniter.php(925): App\Controllers\Admin\Home->sobre()
 7 SYSTEMPATH\CodeIgniter.php(480): CodeIgniter\CodeIgniter->runController(Object(App\Controllers\Admin\Home))
 8 SYSTEMPATH\CodeIgniter.php(349): CodeIgniter\CodeIgniter->handleRequest(null, Object(Config\Cache), false)
 9 FCPATH\index.php(67): CodeIgniter\CodeIgniter->run()
CRITICAL - 2023-06-23 17:37:14 --> Undefined index: TITULO_ADMIN
in APPPATH\Views\admin\template\footer.php on line 2.
 1 APPPATH\Views\admin\template\footer.php(2): CodeIgniter\Debug\Exceptions->errorHandler(8, 'Undefined index: TITULO_ADMIN', 'APPPATH\\Views\\admin\\template\\footer.php', 2, [])
 2 SYSTEMPATH\View\View.php(213): include('APPPATH\\Views\\admin\\template\\footer.php')
 3 SYSTEMPATH\View\View.php(216): CodeIgniter\View\View->CodeIgniter\View\{closure}()
 4 SYSTEMPATH\Common.php(1135): CodeIgniter\View\View->render('admin/template/footer.php', [], true)
 5 APPPATH\Controllers\Admin\Home.php(46): view('admin/template/footer.php')
 6 SYSTEMPATH\CodeIgniter.php(925): App\Controllers\Admin\Home->sobre()
 7 SYSTEMPATH\CodeIgniter.php(480): CodeIgniter\CodeIgniter->runController(Object(App\Controllers\Admin\Home))
 8 SYSTEMPATH\CodeIgniter.php(349): CodeIgniter\CodeIgniter->handleRequest(null, Object(Config\Cache), false)
 9 FCPATH\index.php(67): CodeIgniter\CodeIgniter->run()
CRITICAL - 2023-06-23 17:38:24 --> Undefined index: TITULO_ADMIN
in APPPATH\Views\admin\template\footer.php on line 2.
 1 APPPATH\Views\admin\template\footer.php(2): CodeIgniter\Debug\Exceptions->errorHandler(8, 'Undefined index: TITULO_ADMIN', 'APPPATH\\Views\\admin\\template\\footer.php', 2, [])
 2 SYSTEMPATH\View\View.php(213): include('APPPATH\\Views\\admin\\template\\footer.php')
 3 SYSTEMPATH\View\View.php(216): CodeIgniter\View\View->CodeIgniter\View\{closure}()
 4 SYSTEMPATH\Common.php(1135): CodeIgniter\View\View->render('admin/template/footer.php', [], true)
 5 APPPATH\Controllers\Admin\Home.php(46): view('admin/template/footer.php')
 6 SYSTEMPATH\CodeIgniter.php(925): App\Controllers\Admin\Home->sobre()
 7 SYSTEMPATH\CodeIgniter.php(480): CodeIgniter\CodeIgniter->runController(Object(App\Controllers\Admin\Home))
 8 SYSTEMPATH\CodeIgniter.php(349): CodeIgniter\CodeIgniter->handleRequest(null, Object(Config\Cache), false)
 9 FCPATH\index.php(67): CodeIgniter\CodeIgniter->run()
CRITICAL - 2023-06-23 17:39:01 --> Undefined index: TITULO_ADMIN
in APPPATH\Views\admin\template\footer.php on line 2.
 1 APPPATH\Views\admin\template\footer.php(2): CodeIgniter\Debug\Exceptions->errorHandler(8, 'Undefined index: TITULO_ADMIN', 'APPPATH\\Views\\admin\\template\\footer.php', 2, [])
 2 SYSTEMPATH\View\View.php(213): include('APPPATH\\Views\\admin\\template\\footer.php')
 3 SYSTEMPATH\View\View.php(216): CodeIgniter\View\View->CodeIgniter\View\{closure}()
 4 SYSTEMPATH\Common.php(1135): CodeIgniter\View\View->render('admin/template/footer.php', [], true)
 5 APPPATH\Controllers\Admin\Home.php(46): view('admin/template/footer.php')
 6 SYSTEMPATH\CodeIgniter.php(925): App\Controllers\Admin\Home->sobre()
 7 SYSTEMPATH\CodeIgniter.php(480): CodeIgniter\CodeIgniter->runController(Object(App\Controllers\Admin\Home))
 8 SYSTEMPATH\CodeIgniter.php(349): CodeIgniter\CodeIgniter->handleRequest(null, Object(Config\Cache), false)
 9 FCPATH\index.php(67): CodeIgniter\CodeIgniter->run()
CRITICAL - 2023-06-23 17:39:45 --> Undefined index: TITULO_ADMIN
in APPPATH\Views\admin\home\index.php on line 105.
 1 APPPATH\Views\admin\home\index.php(105): CodeIgniter\Debug\Exceptions->errorHandler(8, 'Undefined index: TITULO_ADMIN', 'APPPATH\\Views\\admin\\home\\index.php', 105, [...])
 2 SYSTEMPATH\View\View.php(213): include('APPPATH\\Views\\admin\\home\\index.php')
 3 SYSTEMPATH\View\View.php(216): CodeIgniter\View\View->CodeIgniter\View\{closure}()
 4 SYSTEMPATH\Common.php(1135): CodeIgniter\View\View->render('admin/home/index.php', [], true)
 5 APPPATH\Controllers\Admin\Home.php(33): view('admin/home/index.php', [...])
 6 SYSTEMPATH\CodeIgniter.php(925): App\Controllers\Admin\Home->index()
 7 SYSTEMPATH\CodeIgniter.php(480): CodeIgniter\CodeIgniter->runController(Object(App\Controllers\Admin\Home))
 8 SYSTEMPATH\CodeIgniter.php(349): CodeIgniter\CodeIgniter->handleRequest(null, Object(Config\Cache), false)
 9 FCPATH\index.php(67): CodeIgniter\CodeIgniter->run()
CRITICAL - 2023-06-23 17:39:57 --> Undefined index: VE
in APPPATH\Views\admin\home\index.php on line 123.
 1 APPPATH\Views\admin\home\index.php(123): CodeIgniter\Debug\Exceptions->errorHandler(8, 'Undefined index: VE', 'APPPATH\\Views\\admin\\home\\index.php', 123, [...])
 2 SYSTEMPATH\View\View.php(213): include('APPPATH\\Views\\admin\\home\\index.php')
 3 SYSTEMPATH\View\View.php(216): CodeIgniter\View\View->CodeIgniter\View\{closure}()
 4 SYSTEMPATH\Common.php(1135): CodeIgniter\View\View->render('admin/home/index.php', [], true)
 5 APPPATH\Controllers\Admin\Home.php(33): view('admin/home/index.php', [...])
 6 SYSTEMPATH\CodeIgniter.php(925): App\Controllers\Admin\Home->index()
 7 SYSTEMPATH\CodeIgniter.php(480): CodeIgniter\CodeIgniter->runController(Object(App\Controllers\Admin\Home))
 8 SYSTEMPATH\CodeIgniter.php(349): CodeIgniter\CodeIgniter->handleRequest(null, Object(Config\Cache), false)
 9 FCPATH\index.php(67): CodeIgniter\CodeIgniter->run()
CRITICAL - 2023-06-23 17:47:32 --> Illegal string offset 'CI_ENVIRONMENT'
in APPPATH\Views\admin\home\index.php on line 119.
 1 APPPATH\Views\admin\home\index.php(119): CodeIgniter\Debug\Exceptions->errorHandler(2, 'Illegal string offset \'CI_ENVIRONMENT\'', 'APPPATH\\Views\\admin\\home\\index.php', 119, [...])
 2 SYSTEMPATH\View\View.php(213): include('APPPATH\\Views\\admin\\home\\index.php')
 3 SYSTEMPATH\View\View.php(216): CodeIgniter\View\View->CodeIgniter\View\{closure}()
 4 SYSTEMPATH\Common.php(1135): CodeIgniter\View\View->render('admin/home/index.php', [], true)
 5 APPPATH\Controllers\Admin\Home.php(33): view('admin/home/index.php', [...])
 6 SYSTEMPATH\CodeIgniter.php(925): App\Controllers\Admin\Home->index()
 7 SYSTEMPATH\CodeIgniter.php(480): CodeIgniter\CodeIgniter->runController(Object(App\Controllers\Admin\Home))
 8 SYSTEMPATH\CodeIgniter.php(349): CodeIgniter\CodeIgniter->handleRequest(null, Object(Config\Cache), false)
 9 FCPATH\index.php(67): CodeIgniter\CodeIgniter->run()
CRITICAL - 2023-06-23 17:49:45 --> Undefined index: NOME_EMPRESA
in APPPATH\Views\admin\template\header.php on line 7.
 1 APPPATH\Views\admin\template\header.php(7): CodeIgniter\Debug\Exceptions->errorHandler(8, 'Undefined index: NOME_EMPRESA', 'APPPATH\\Views\\admin\\template\\header.php', 7, [])
 2 SYSTEMPATH\View\View.php(213): include('APPPATH\\Views\\admin\\template\\header.php')
 3 SYSTEMPATH\View\View.php(216): CodeIgniter\View\View->CodeIgniter\View\{closure}()
 4 SYSTEMPATH\Common.php(1135): CodeIgniter\View\View->render('admin/template/header.php', [], true)
 5 APPPATH\Controllers\Admin\Home.php(31): view('admin/template/header.php')
 6 SYSTEMPATH\CodeIgniter.php(925): App\Controllers\Admin\Home->index()
 7 SYSTEMPATH\CodeIgniter.php(480): CodeIgniter\CodeIgniter->runController(Object(App\Controllers\Admin\Home))
 8 SYSTEMPATH\CodeIgniter.php(349): CodeIgniter\CodeIgniter->handleRequest(null, Object(Config\Cache), false)
 9 FCPATH\index.php(67): CodeIgniter\CodeIgniter->run()
CRITICAL - 2023-06-23 17:52:43 --> constant(): Couldn't find constant CMSLOGO
in APPPATH\Views\admin\template\sidebar.php on line 5.
 1 [internal function]: CodeIgniter\Debug\Exceptions->errorHandler(2, 'constant(): Couldn\'t find constant CMSLOGO', 'APPPATH\\Views\\admin\\template\\sidebar.php', 5, [])
 2 APPPATH\Views\admin\template\sidebar.php(5): constant('CMSLOGO')
 3 SYSTEMPATH\View\View.php(213): include('APPPATH\\Views\\admin\\template\\sidebar.php')
 4 SYSTEMPATH\View\View.php(216): CodeIgniter\View\View->CodeIgniter\View\{closure}()
 5 SYSTEMPATH\Common.php(1135): CodeIgniter\View\View->render('admin/template/sidebar.php', [], true)
 6 APPPATH\Controllers\Admin\Home.php(32): view('admin/template/sidebar.php')
 7 SYSTEMPATH\CodeIgniter.php(925): App\Controllers\Admin\Home->index()
 8 SYSTEMPATH\CodeIgniter.php(480): CodeIgniter\CodeIgniter->runController(Object(App\Controllers\Admin\Home))
 9 SYSTEMPATH\CodeIgniter.php(349): CodeIgniter\CodeIgniter->handleRequest(null, Object(Config\Cache), false)
10 FCPATH\index.php(67): CodeIgniter\CodeIgniter->run()
CRITICAL - 2023-06-23 17:53:48 --> constant(): Couldn't find constant CMSLOGO
in APPPATH\Views\admin\template\sidebar.php on line 5.
 1 [internal function]: CodeIgniter\Debug\Exceptions->errorHandler(2, 'constant(): Couldn\'t find constant CMSLOGO', 'APPPATH\\Views\\admin\\template\\sidebar.php', 5, [])
 2 APPPATH\Views\admin\template\sidebar.php(5): constant('CMSLOGO')
 3 SYSTEMPATH\View\View.php(213): include('APPPATH\\Views\\admin\\template\\sidebar.php')
 4 SYSTEMPATH\View\View.php(216): CodeIgniter\View\View->CodeIgniter\View\{closure}()
 5 SYSTEMPATH\Common.php(1135): CodeIgniter\View\View->render('admin/template/sidebar.php', [], true)
 6 APPPATH\Controllers\Admin\Home.php(32): view('admin/template/sidebar.php')
 7 SYSTEMPATH\CodeIgniter.php(925): App\Controllers\Admin\Home->index()
 8 SYSTEMPATH\CodeIgniter.php(480): CodeIgniter\CodeIgniter->runController(Object(App\Controllers\Admin\Home))
 9 SYSTEMPATH\CodeIgniter.php(349): CodeIgniter\CodeIgniter->handleRequest(null, Object(Config\Cache), false)
10 FCPATH\index.php(67): CodeIgniter\CodeIgniter->run()
