CRITICAL - 2023-02-08 19:19:13 --> Call to undefined function redesSociais()
in APPPATH/Views/site/header.php on line 5.
 1 SYSTEMPATH/View/View.php(213): include()
 2 SYSTEMPATH/View/View.php(216): CodeIgniter\View\View->CodeIgniter\View\{closure}()
 3 SYSTEMPATH/Common.php(1135): CodeIgniter\View\View->render('site/header.php', [], true)
 4 APPPATH/Controllers/Site/Home.php(46): view('site/header.php', [...])
 5 SYSTEMPATH/CodeIgniter.php(925): App\Controllers\Site\Home->home()
 6 SYSTEMPATH/CodeIgniter.php(480): CodeIgniter\CodeIgniter->runController(Object(App\Controllers\Site\Home))
 7 SYSTEMPATH/CodeIgniter.php(349): CodeIgniter\CodeIgniter->handleRequest(null, Object(Config\Cache), false)
 8 FCPATH/index.php(67): CodeIgniter\CodeIgniter->run()
CRITICAL - 2023-02-08 19:20:37 --> Call to undefined function redesSociais()
in APPPATH/Views/site/header.php on line 5.
 1 SYSTEMPATH/View/View.php(213): include()
 2 SYSTEMPATH/View/View.php(216): CodeIgniter\View\View->CodeIgniter\View\{closure}()
 3 SYSTEMPATH/Common.php(1135): CodeIgniter\View\View->render('site/header.php', [], true)
 4 APPPATH/Controllers/Site/Home.php(46): view('site/header.php', [...])
 5 SYSTEMPATH/CodeIgniter.php(925): App\Controllers\Site\Home->home()
 6 SYSTEMPATH/CodeIgniter.php(480): CodeIgniter\CodeIgniter->runController(Object(App\Controllers\Site\Home))
 7 SYSTEMPATH/CodeIgniter.php(349): CodeIgniter\CodeIgniter->handleRequest(null, Object(Config\Cache), false)
 8 FCPATH/index.php(67): CodeIgniter\CodeIgniter->run()
CRITICAL - 2023-02-08 19:23:10 --> Call to undefined function redesSociais()
in APPPATH/Views/site/header.php on line 5.
 1 SYSTEMPATH/View/View.php(213): include()
 2 SYSTEMPATH/View/View.php(216): CodeIgniter\View\View->CodeIgniter\View\{closure}()
 3 SYSTEMPATH/Common.php(1135): CodeIgniter\View\View->render('site/header.php', [], true)
 4 APPPATH/Controllers/Site/QuemSomos.php(14): view('site/header.php')
 5 SYSTEMPATH/CodeIgniter.php(925): App\Controllers\Site\QuemSomos->sobre()
 6 SYSTEMPATH/CodeIgniter.php(480): CodeIgniter\CodeIgniter->runController(Object(App\Controllers\Site\QuemSomos))
 7 SYSTEMPATH/CodeIgniter.php(349): CodeIgniter\CodeIgniter->handleRequest(null, Object(Config\Cache), false)
 8 FCPATH/index.php(67): CodeIgniter\CodeIgniter->run()
CRITICAL - 2023-02-08 19:23:37 --> Attempt to read property "instagram" on null
in APPPATH/Views/admin/configuracoes/redes-sociais.php on line 78.
 1 APPPATH/Views/admin/configuracoes/redes-sociais.php(78): CodeIgniter\Debug\Exceptions->errorHandler(2, 'Attempt to read property "instagram" on null', 'APPPATH/Views/admin/configuracoes/redes-sociais.php', 78)
 2 SYSTEMPATH/View/View.php(213): include('APPPATH/Views/admin/configuracoes/redes-sociais.php')
 3 SYSTEMPATH/View/View.php(216): CodeIgniter\View\View->CodeIgniter\View\{closure}()
 4 SYSTEMPATH/Common.php(1135): CodeIgniter\View\View->render('admin/configuracoes/redes-sociais.php', [], true)
 5 APPPATH/Controllers/Admin/Configuracoes.php(166): view('admin/configuracoes/redes-sociais.php', [...])
 6 SYSTEMPATH/CodeIgniter.php(925): App\Controllers\Admin\Configuracoes->redesSociais()
 7 SYSTEMPATH/CodeIgniter.php(480): CodeIgniter\CodeIgniter->runController(Object(App\Controllers\Admin\Configuracoes))
 8 SYSTEMPATH/CodeIgniter.php(349): CodeIgniter\CodeIgniter->handleRequest(null, Object(Config\Cache), false)
 9 FCPATH/index.php(67): CodeIgniter\CodeIgniter->run()
CRITICAL - 2023-02-08 19:23:44 --> Attempt to read property "instagram" on null
in APPPATH/Views/admin/configuracoes/redes-sociais.php on line 78.
 1 APPPATH/Views/admin/configuracoes/redes-sociais.php(78): CodeIgniter\Debug\Exceptions->errorHandler(2, 'Attempt to read property "instagram" on null', 'APPPATH/Views/admin/configuracoes/redes-sociais.php', 78)
 2 SYSTEMPATH/View/View.php(213): include('APPPATH/Views/admin/configuracoes/redes-sociais.php')
 3 SYSTEMPATH/View/View.php(216): CodeIgniter\View\View->CodeIgniter\View\{closure}()
 4 SYSTEMPATH/Common.php(1135): CodeIgniter\View\View->render('admin/configuracoes/redes-sociais.php', [], true)
 5 APPPATH/Controllers/Admin/Configuracoes.php(166): view('admin/configuracoes/redes-sociais.php', [...])
 6 SYSTEMPATH/CodeIgniter.php(925): App\Controllers\Admin\Configuracoes->redesSociais()
 7 SYSTEMPATH/CodeIgniter.php(480): CodeIgniter\CodeIgniter->runController(Object(App\Controllers\Admin\Configuracoes))
 8 SYSTEMPATH/CodeIgniter.php(349): CodeIgniter\CodeIgniter->handleRequest(null, Object(Config\Cache), false)
 9 FCPATH/index.php(67): CodeIgniter\CodeIgniter->run()
CRITICAL - 2023-02-08 19:23:53 --> Attempt to read property "script" on null
in APPPATH/Views/admin/configuracoes/google-analytics.php on line 131.
 1 APPPATH/Views/admin/configuracoes/google-analytics.php(131): CodeIgniter\Debug\Exceptions->errorHandler(2, 'Attempt to read property "script" on null', 'APPPATH/Views/admin/configuracoes/google-analytics.php', 131)
 2 SYSTEMPATH/View/View.php(213): include('APPPATH/Views/admin/configuracoes/google-analytics.php')
 3 SYSTEMPATH/View/View.php(216): CodeIgniter\View\View->CodeIgniter\View\{closure}()
 4 SYSTEMPATH/Common.php(1135): CodeIgniter\View\View->render('admin/configuracoes/google-analytics.php', [], true)
 5 APPPATH/Controllers/Admin/Configuracoes.php(71): view('admin/configuracoes/google-analytics.php', [...])
 6 SYSTEMPATH/CodeIgniter.php(925): App\Controllers\Admin\Configuracoes->googleAnalytics()
 7 SYSTEMPATH/CodeIgniter.php(480): CodeIgniter\CodeIgniter->runController(Object(App\Controllers\Admin\Configuracoes))
 8 SYSTEMPATH/CodeIgniter.php(349): CodeIgniter\CodeIgniter->handleRequest(null, Object(Config\Cache), false)
 9 FCPATH/index.php(67): CodeIgniter\CodeIgniter->run()
CRITICAL - 2023-02-08 19:27:06 --> Attempt to read property "instagram" on null
in APPPATH/Views/site/header.php on line 8.
 1 APPPATH/Views/site/header.php(8): CodeIgniter\Debug\Exceptions->errorHandler(2, 'Attempt to read property "instagram" on null', 'APPPATH/Views/site/header.php', 8)
 2 SYSTEMPATH/View/View.php(213): include('APPPATH/Views/site/header.php')
 3 SYSTEMPATH/View/View.php(216): CodeIgniter\View\View->CodeIgniter\View\{closure}()
 4 SYSTEMPATH/Common.php(1135): CodeIgniter\View\View->render('site/header.php', [], true)
 5 APPPATH/Controllers/Site/Home.php(46): view('site/header.php', [...])
 6 SYSTEMPATH/CodeIgniter.php(925): App\Controllers\Site\Home->home()
 7 SYSTEMPATH/CodeIgniter.php(480): CodeIgniter\CodeIgniter->runController(Object(App\Controllers\Site\Home))
 8 SYSTEMPATH/CodeIgniter.php(349): CodeIgniter\CodeIgniter->handleRequest(null, Object(Config\Cache), false)
 9 FCPATH/index.php(67): CodeIgniter\CodeIgniter->run()
CRITICAL - 2023-02-08 19:28:12 --> Attempt to read property "instagram" on null
in APPPATH/Views/site/header.php on line 8.
 1 APPPATH/Views/site/header.php(8): CodeIgniter\Debug\Exceptions->errorHandler(2, 'Attempt to read property "instagram" on null', 'APPPATH/Views/site/header.php', 8)
 2 SYSTEMPATH/View/View.php(213): include('APPPATH/Views/site/header.php')
 3 SYSTEMPATH/View/View.php(216): CodeIgniter\View\View->CodeIgniter\View\{closure}()
 4 SYSTEMPATH/Common.php(1135): CodeIgniter\View\View->render('site/header.php', [], true)
 5 APPPATH/Controllers/Site/Home.php(46): view('site/header.php', [...])
 6 SYSTEMPATH/CodeIgniter.php(925): App\Controllers\Site\Home->home()
 7 SYSTEMPATH/CodeIgniter.php(480): CodeIgniter\CodeIgniter->runController(Object(App\Controllers\Site\Home))
 8 SYSTEMPATH/CodeIgniter.php(349): CodeIgniter\CodeIgniter->handleRequest(null, Object(Config\Cache), false)
 9 FCPATH/index.php(67): CodeIgniter\CodeIgniter->run()
CRITICAL - 2023-02-08 19:28:49 --> Attempt to read property "instagram" on null
in APPPATH/Views/site/header.php on line 8.
 1 APPPATH/Views/site/header.php(8): CodeIgniter\Debug\Exceptions->errorHandler(2, 'Attempt to read property "instagram" on null', 'APPPATH/Views/site/header.php', 8)
 2 SYSTEMPATH/View/View.php(213): include('APPPATH/Views/site/header.php')
 3 SYSTEMPATH/View/View.php(216): CodeIgniter\View\View->CodeIgniter\View\{closure}()
 4 SYSTEMPATH/Common.php(1135): CodeIgniter\View\View->render('site/header.php', [], true)
 5 APPPATH/Controllers/Site/Home.php(46): view('site/header.php', [...])
 6 SYSTEMPATH/CodeIgniter.php(925): App\Controllers\Site\Home->home()
 7 SYSTEMPATH/CodeIgniter.php(480): CodeIgniter\CodeIgniter->runController(Object(App\Controllers\Site\Home))
 8 SYSTEMPATH/CodeIgniter.php(349): CodeIgniter\CodeIgniter->handleRequest(null, Object(Config\Cache), false)
 9 FCPATH/index.php(67): CodeIgniter\CodeIgniter->run()
CRITICAL - 2023-02-08 19:29:17 --> Attempt to read property "instagram" on null
in APPPATH/Views/admin/configuracoes/redes-sociais.php on line 78.
 1 APPPATH/Views/admin/configuracoes/redes-sociais.php(78): CodeIgniter\Debug\Exceptions->errorHandler(2, 'Attempt to read property "instagram" on null', 'APPPATH/Views/admin/configuracoes/redes-sociais.php', 78)
 2 SYSTEMPATH/View/View.php(213): include('APPPATH/Views/admin/configuracoes/redes-sociais.php')
 3 SYSTEMPATH/View/View.php(216): CodeIgniter\View\View->CodeIgniter\View\{closure}()
 4 SYSTEMPATH/Common.php(1135): CodeIgniter\View\View->render('admin/configuracoes/redes-sociais.php', [], true)
 5 APPPATH/Controllers/Admin/Configuracoes.php(166): view('admin/configuracoes/redes-sociais.php', [...])
 6 SYSTEMPATH/CodeIgniter.php(925): App\Controllers\Admin\Configuracoes->redesSociais()
 7 SYSTEMPATH/CodeIgniter.php(480): CodeIgniter\CodeIgniter->runController(Object(App\Controllers\Admin\Configuracoes))
 8 SYSTEMPATH/CodeIgniter.php(349): CodeIgniter\CodeIgniter->handleRequest(null, Object(Config\Cache), false)
 9 FCPATH/index.php(67): CodeIgniter\CodeIgniter->run()
CRITICAL - 2023-02-08 19:38:22 --> Undefined property: App\Controllers\Admin\Leads::$data
in APPPATH/Controllers/Admin/Leads.php on line 31.
 1 APPPATH/Controllers/Admin/Leads.php(31): CodeIgniter\Debug\Exceptions->errorHandler(2, 'Undefined property: App\\Controllers\\Admin\\Leads::$data', 'APPPATH/Controllers/Admin/Leads.php', 31)
 2 SYSTEMPATH/CodeIgniter.php(925): App\Controllers\Admin\Leads->index()
 3 SYSTEMPATH/CodeIgniter.php(480): CodeIgniter\CodeIgniter->runController(Object(App\Controllers\Admin\Leads))
 4 SYSTEMPATH/CodeIgniter.php(349): CodeIgniter\CodeIgniter->handleRequest(null, Object(Config\Cache), false)
 5 FCPATH/index.php(67): CodeIgniter\CodeIgniter->run()
