CRITICAL - 2023-02-15 10:49:08 --> Call to undefined function form_open()
in APPPATH/Views/site/agendamento-consulta.php on line 43.
 1 SYSTEMPATH/View/View.php(213): include()
 2 SYSTEMPATH/View/View.php(216): CodeIgniter\View\View->CodeIgniter\View\{closure}()
 3 SYSTEMPATH/Common.php(1135): CodeIgniter\View\View->render('site/agendamento-consulta', [], true)
 4 APPPATH/Controllers/Site/Contatos.php(84): view('site/agendamento-consulta')
 5 SYSTEMPATH/CodeIgniter.php(925): App\Controllers\Site\Contatos->agendamentoConsulta()
 6 SYSTEMPATH/CodeIgniter.php(480): CodeIgniter\CodeIgniter->runController(Object(App\Controllers\Site\Contatos))
 7 SYSTEMPATH/CodeIgniter.php(349): CodeIgniter\CodeIgniter->handleRequest(null, Object(Config\Cache), false)
 8 FCPATH/index.php(67): CodeIgniter\CodeIgniter->run()
CRITICAL - 2023-02-15 10:49:50 --> Call to undefined function form_open()
in APPPATH/Views/site/agendamento-consulta.php on line 43.
 1 SYSTEMPATH/View/View.php(213): include()
 2 SYSTEMPATH/View/View.php(216): CodeIgniter\View\View->CodeIgniter\View\{closure}()
 3 SYSTEMPATH/Common.php(1135): CodeIgniter\View\View->render('site/agendamento-consulta', [], true)
 4 APPPATH/Controllers/Site/Contatos.php(84): view('site/agendamento-consulta')
 5 SYSTEMPATH/CodeIgniter.php(925): App\Controllers\Site\Contatos->agendamentoConsulta()
 6 SYSTEMPATH/CodeIgniter.php(480): CodeIgniter\CodeIgniter->runController(Object(App\Controllers\Site\Contatos))
 7 SYSTEMPATH/CodeIgniter.php(349): CodeIgniter\CodeIgniter->handleRequest(null, Object(Config\Cache), false)
 8 FCPATH/index.php(67): CodeIgniter\CodeIgniter->run()
CRITICAL - 2023-02-15 10:49:54 --> Call to undefined function form_open()
in APPPATH/Views/site/agendamento-consulta.php on line 43.
 1 SYSTEMPATH/View/View.php(213): include()
 2 SYSTEMPATH/View/View.php(216): CodeIgniter\View\View->CodeIgniter\View\{closure}()
 3 SYSTEMPATH/Common.php(1135): CodeIgniter\View\View->render('site/agendamento-consulta', [], true)
 4 APPPATH/Controllers/Site/Contatos.php(84): view('site/agendamento-consulta')
 5 SYSTEMPATH/CodeIgniter.php(925): App\Controllers\Site\Contatos->agendamentoConsulta()
 6 SYSTEMPATH/CodeIgniter.php(480): CodeIgniter\CodeIgniter->runController(Object(App\Controllers\Site\Contatos))
 7 SYSTEMPATH/CodeIgniter.php(349): CodeIgniter\CodeIgniter->handleRequest(null, Object(Config\Cache), false)
 8 FCPATH/index.php(67): CodeIgniter\CodeIgniter->run()
