ERROR - 2023-02-27 11:16:00 --> mysqli_sql_exception: Cannot add or update a child row: a foreign key constraint fails (`axonsneuro`.`paginas`, CONSTRAINT `paginas-categorias` FOREIGN KEY (`idCategoria`) REFERENCES `paginas_categorias` (`id`) ON DELETE NO ACTION ON UPDATE NO ACTION) in /home/storage/d/84/d2/axonsneurologia1/project/system/Database/MySQLi/Connection.php:292
Stack trace:
#0 /home/storage/d/84/d2/axonsneurologia1/project/system/Database/MySQLi/Connection.php(292): mysqli->query('INSERT INTO `pa...', 0)
#1 /home/storage/d/84/d2/axonsneurologia1/project/system/Database/BaseConnection.php(666): CodeIgniter\Database\MySQLi\Connection->execute('INSERT INTO `pa...')
#2 /home/storage/d/84/d2/axonsneurologia1/project/system/Database/BaseConnection.php(593): CodeIgniter\Database\BaseConnection->simpleQuery('INSERT INTO `pa...')
#3 /home/storage/d/84/d2/axonsneurologia1/project/system/Database/BaseBuilder.php(1916): CodeIgniter\Database\BaseConnection->query('INSERT INTO `pa...', Array, false)
#4 /home/storage/d/84/d2/axonsneurologia1/project/system/Model.php(303): CodeIgniter\Database\BaseBuilder->insert()
#5 /home/storage/d/84/d2/axonsneurologia1/project/system/BaseModel.php(750): CodeIgniter\Model->doInsert(Array)
#6 /home/storage/d/84/d2/axonsneurologia1/project/system/Model.php(699): CodeIgniter\BaseModel->insert(Array, true)
#7 /home/storage/d/84/d2/axonsneurologia1/project/app/Controllers/Admin/Paginas.php(113): CodeIgniter\Model->insert(Array)
#8 /home/storage/d/84/d2/axonsneurologia1/project/app/Controllers/Admin/Paginas.php(71): App\Controllers\Admin\Paginas->save()
#9 /home/storage/d/84/d2/axonsneurologia1/project/system/CodeIgniter.php(925): App\Controllers\Admin\Paginas->create()
#10 /home/storage/d/84/d2/axonsneurologia1/project/system/CodeIgniter.php(480): CodeIgniter\CodeIgniter->runController(Object(App\Controllers\Admin\Paginas))
#11 /home/storage/d/84/d2/axonsneurologia1/project/system/CodeIgniter.php(349): CodeIgniter\CodeIgniter->handleRequest(NULL, Object(Config\Cache), false)
#12 /home/storage/d/84/d2/axonsneurologia1/public_html/index.php(67): CodeIgniter\CodeIgniter->run()
#13 {main}
CRITICAL - 2023-02-27 11:16:00 --> Cannot add or update a child row: a foreign key constraint fails (`axonsneuro`.`paginas`, CONSTRAINT `paginas-categorias` FOREIGN KEY (`idCategoria`) REFERENCES `paginas_categorias` (`id`) ON DELETE NO ACTION ON UPDATE NO ACTION)
in SYSTEMPATH/Database/MySQLi/Connection.php on line 292.
 1 SYSTEMPATH/Database/MySQLi/Connection.php(292): mysqli->query('INSERT INTO `paginas` (`titulo`, `subtitulo`, `texto`, `status`, `idCategoria`, `capa`, `created_at`, `updated_at`) VALUES (\'Drº Marlon Figueiredo Alves Correa\', \'Neurologia geral, com subespecialidade em doenças desmielinizantes \', \'<div>Médico pela Universidade Federal do Mato Grosso (UFMT)</div><div><br></div><div>Residência Médica em Neurologia - Hospital Israelita Albert Einstein- São Paulo, SP.</div><div><br></div><div>Médico assistente do Hospital Israelita Albert Einstein- São Paulo, SP no centro de referência em Esclerose Múltipla 2018-2020</div><div><br></div><div>Membro Titular da Academia Brasileira de Neurologia</div><div><br></div><div>Título de Neurologista pela associação Brasileira de Neurologia</div>                          \\r\\n                        \', \'1\', \'Selecione\', \'\', \'2023-02-27 11:16:00\', \'2023-02-27 11:16:00\')', 0)
 2 SYSTEMPATH/Database/BaseConnection.php(666): CodeIgniter\Database\MySQLi\Connection->execute('INSERT INTO `paginas` (`titulo`, `subtitulo`, `texto`, `status`, `idCategoria`, `capa`, `created_at`, `updated_at`) VALUES (\'Drº Marlon Figueiredo Alves Correa\', \'Neurologia geral, com subespecialidade em doenças desmielinizantes \', \'<div>Médico pela Universidade Federal do Mato Grosso (UFMT)</div><div><br></div><div>Residência Médica em Neurologia - Hospital Israelita Albert Einstein- São Paulo, SP.</div><div><br></div><div>Médico assistente do Hospital Israelita Albert Einstein- São Paulo, SP no centro de referência em Esclerose Múltipla 2018-2020</div><div><br></div><div>Membro Titular da Academia Brasileira de Neurologia</div><div><br></div><div>Título de Neurologista pela associação Brasileira de Neurologia</div>                          \\r\\n                        \', \'1\', \'Selecione\', \'\', \'2023-02-27 11:16:00\', \'2023-02-27 11:16:00\')')
 3 SYSTEMPATH/Database/BaseConnection.php(593): CodeIgniter\Database\BaseConnection->simpleQuery('INSERT INTO `paginas` (`titulo`, `subtitulo`, `texto`, `status`, `idCategoria`, `capa`, `created_at`, `updated_at`) VALUES (\'Drº Marlon Figueiredo Alves Correa\', \'Neurologia geral, com subespecialidade em doenças desmielinizantes \', \'<div>Médico pela Universidade Federal do Mato Grosso (UFMT)</div><div><br></div><div>Residência Médica em Neurologia - Hospital Israelita Albert Einstein- São Paulo, SP.</div><div><br></div><div>Médico assistente do Hospital Israelita Albert Einstein- São Paulo, SP no centro de referência em Esclerose Múltipla 2018-2020</div><div><br></div><div>Membro Titular da Academia Brasileira de Neurologia</div><div><br></div><div>Título de Neurologista pela associação Brasileira de Neurologia</div>                          \\r\\n                        \', \'1\', \'Selecione\', \'\', \'2023-02-27 11:16:00\', \'2023-02-27 11:16:00\')')
 4 SYSTEMPATH/Database/BaseBuilder.php(1916): CodeIgniter\Database\BaseConnection->query('INSERT INTO `paginas` (`titulo`, `subtitulo`, `texto`, `status`, `idCategoria`, `capa`, `created_at`, `updated_at`) VALUES (:titulo:, :subtitulo:, :texto:, :status:, :idCategoria:, :capa:, :created_at:, :updated_at:)', [...], false)
 5 SYSTEMPATH/Model.php(303): CodeIgniter\Database\BaseBuilder->insert()
 6 SYSTEMPATH/BaseModel.php(750): CodeIgniter\Model->doInsert([...])
 7 SYSTEMPATH/Model.php(699): CodeIgniter\BaseModel->insert([...], true)
 8 APPPATH/Controllers/Admin/Paginas.php(113): CodeIgniter\Model->insert([...])
 9 APPPATH/Controllers/Admin/Paginas.php(71): App\Controllers\Admin\Paginas->save()
10 SYSTEMPATH/CodeIgniter.php(925): App\Controllers\Admin\Paginas->create()
11 SYSTEMPATH/CodeIgniter.php(480): CodeIgniter\CodeIgniter->runController(Object(App\Controllers\Admin\Paginas))
12 SYSTEMPATH/CodeIgniter.php(349): CodeIgniter\CodeIgniter->handleRequest(null, Object(Config\Cache), false)
13 FCPATH/index.php(67): CodeIgniter\CodeIgniter->run()
ERROR - 2023-02-27 11:16:50 --> mysqli_sql_exception: Cannot add or update a child row: a foreign key constraint fails (`axonsneuro`.`paginas`, CONSTRAINT `paginas-categorias` FOREIGN KEY (`idCategoria`) REFERENCES `paginas_categorias` (`id`) ON DELETE NO ACTION ON UPDATE NO ACTION) in /home/storage/d/84/d2/axonsneurologia1/project/system/Database/MySQLi/Connection.php:292
Stack trace:
#0 /home/storage/d/84/d2/axonsneurologia1/project/system/Database/MySQLi/Connection.php(292): mysqli->query('INSERT INTO `pa...', 0)
#1 /home/storage/d/84/d2/axonsneurologia1/project/system/Database/BaseConnection.php(666): CodeIgniter\Database\MySQLi\Connection->execute('INSERT INTO `pa...')
#2 /home/storage/d/84/d2/axonsneurologia1/project/system/Database/BaseConnection.php(593): CodeIgniter\Database\BaseConnection->simpleQuery('INSERT INTO `pa...')
#3 /home/storage/d/84/d2/axonsneurologia1/project/system/Database/BaseBuilder.php(1916): CodeIgniter\Database\BaseConnection->query('INSERT INTO `pa...', Array, false)
#4 /home/storage/d/84/d2/axonsneurologia1/project/system/Model.php(303): CodeIgniter\Database\BaseBuilder->insert()
#5 /home/storage/d/84/d2/axonsneurologia1/project/system/BaseModel.php(750): CodeIgniter\Model->doInsert(Array)
#6 /home/storage/d/84/d2/axonsneurologia1/project/system/Model.php(699): CodeIgniter\BaseModel->insert(Array, true)
#7 /home/storage/d/84/d2/axonsneurologia1/project/app/Controllers/Admin/Paginas.php(113): CodeIgniter\Model->insert(Array)
#8 /home/storage/d/84/d2/axonsneurologia1/project/app/Controllers/Admin/Paginas.php(71): App\Controllers\Admin\Paginas->save()
#9 /home/storage/d/84/d2/axonsneurologia1/project/system/CodeIgniter.php(925): App\Controllers\Admin\Paginas->create()
#10 /home/storage/d/84/d2/axonsneurologia1/project/system/CodeIgniter.php(480): CodeIgniter\CodeIgniter->runController(Object(App\Controllers\Admin\Paginas))
#11 /home/storage/d/84/d2/axonsneurologia1/project/system/CodeIgniter.php(349): CodeIgniter\CodeIgniter->handleRequest(NULL, Object(Config\Cache), false)
#12 /home/storage/d/84/d2/axonsneurologia1/public_html/index.php(67): CodeIgniter\CodeIgniter->run()
#13 {main}
CRITICAL - 2023-02-27 11:16:50 --> Cannot add or update a child row: a foreign key constraint fails (`axonsneuro`.`paginas`, CONSTRAINT `paginas-categorias` FOREIGN KEY (`idCategoria`) REFERENCES `paginas_categorias` (`id`) ON DELETE NO ACTION ON UPDATE NO ACTION)
in SYSTEMPATH/Database/MySQLi/Connection.php on line 292.
 1 SYSTEMPATH/Database/MySQLi/Connection.php(292): mysqli->query('INSERT INTO `paginas` (`titulo`, `subtitulo`, `texto`, `status`, `idCategoria`, `capa`, `created_at`, `updated_at`) VALUES (\'Drº Marlon Figueiredo Alves Correa\', \'Neurologia geral, com subespecialidade em doenças desmielinizantes \', \'<div>Médico pela Universidade Federal do Mato Grosso (UFMT)</div><div><br></div><div>Residência Médica em Neurologia - Hospital Israelita Albert Einstein- São Paulo, SP.</div><div><br></div><div>Médico assistente do Hospital Israelita Albert Einstein- São Paulo, SP no centro de referência em Esclerose Múltipla 2018-2020</div><div><br></div><div>Membro Titular da Academia Brasileira de Neurologia</div><div><br></div><div>Título de Neurologista pela associação Brasileira de Neurologia</div>                          \\r\\n                        \', \'1\', \'Selecione\', \'https://axonsneurologia.com.br/uploads/img/1677511000.png\', \'2023-02-27 11:16:50\', \'2023-02-27 11:16:50\')', 0)
 2 SYSTEMPATH/Database/BaseConnection.php(666): CodeIgniter\Database\MySQLi\Connection->execute('INSERT INTO `paginas` (`titulo`, `subtitulo`, `texto`, `status`, `idCategoria`, `capa`, `created_at`, `updated_at`) VALUES (\'Drº Marlon Figueiredo Alves Correa\', \'Neurologia geral, com subespecialidade em doenças desmielinizantes \', \'<div>Médico pela Universidade Federal do Mato Grosso (UFMT)</div><div><br></div><div>Residência Médica em Neurologia - Hospital Israelita Albert Einstein- São Paulo, SP.</div><div><br></div><div>Médico assistente do Hospital Israelita Albert Einstein- São Paulo, SP no centro de referência em Esclerose Múltipla 2018-2020</div><div><br></div><div>Membro Titular da Academia Brasileira de Neurologia</div><div><br></div><div>Título de Neurologista pela associação Brasileira de Neurologia</div>                          \\r\\n                        \', \'1\', \'Selecione\', \'https://axonsneurologia.com.br/uploads/img/1677511000.png\', \'2023-02-27 11:16:50\', \'2023-02-27 11:16:50\')')
 3 SYSTEMPATH/Database/BaseConnection.php(593): CodeIgniter\Database\BaseConnection->simpleQuery('INSERT INTO `paginas` (`titulo`, `subtitulo`, `texto`, `status`, `idCategoria`, `capa`, `created_at`, `updated_at`) VALUES (\'Drº Marlon Figueiredo Alves Correa\', \'Neurologia geral, com subespecialidade em doenças desmielinizantes \', \'<div>Médico pela Universidade Federal do Mato Grosso (UFMT)</div><div><br></div><div>Residência Médica em Neurologia - Hospital Israelita Albert Einstein- São Paulo, SP.</div><div><br></div><div>Médico assistente do Hospital Israelita Albert Einstein- São Paulo, SP no centro de referência em Esclerose Múltipla 2018-2020</div><div><br></div><div>Membro Titular da Academia Brasileira de Neurologia</div><div><br></div><div>Título de Neurologista pela associação Brasileira de Neurologia</div>                          \\r\\n                        \', \'1\', \'Selecione\', \'https://axonsneurologia.com.br/uploads/img/1677511000.png\', \'2023-02-27 11:16:50\', \'2023-02-27 11:16:50\')')
 4 SYSTEMPATH/Database/BaseBuilder.php(1916): CodeIgniter\Database\BaseConnection->query('INSERT INTO `paginas` (`titulo`, `subtitulo`, `texto`, `status`, `idCategoria`, `capa`, `created_at`, `updated_at`) VALUES (:titulo:, :subtitulo:, :texto:, :status:, :idCategoria:, :capa:, :created_at:, :updated_at:)', [...], false)
 5 SYSTEMPATH/Model.php(303): CodeIgniter\Database\BaseBuilder->insert()
 6 SYSTEMPATH/BaseModel.php(750): CodeIgniter\Model->doInsert([...])
 7 SYSTEMPATH/Model.php(699): CodeIgniter\BaseModel->insert([...], true)
 8 APPPATH/Controllers/Admin/Paginas.php(113): CodeIgniter\Model->insert([...])
 9 APPPATH/Controllers/Admin/Paginas.php(71): App\Controllers\Admin\Paginas->save()
10 SYSTEMPATH/CodeIgniter.php(925): App\Controllers\Admin\Paginas->create()
11 SYSTEMPATH/CodeIgniter.php(480): CodeIgniter\CodeIgniter->runController(Object(App\Controllers\Admin\Paginas))
12 SYSTEMPATH/CodeIgniter.php(349): CodeIgniter\CodeIgniter->handleRequest(null, Object(Config\Cache), false)
13 FCPATH/index.php(67): CodeIgniter\CodeIgniter->run()
ERROR - 2023-02-27 11:17:24 --> mysqli_sql_exception: Cannot add or update a child row: a foreign key constraint fails (`axonsneuro`.`paginas`, CONSTRAINT `paginas-categorias` FOREIGN KEY (`idCategoria`) REFERENCES `paginas_categorias` (`id`) ON DELETE NO ACTION ON UPDATE NO ACTION) in /home/storage/d/84/d2/axonsneurologia1/project/system/Database/MySQLi/Connection.php:292
Stack trace:
#0 /home/storage/d/84/d2/axonsneurologia1/project/system/Database/MySQLi/Connection.php(292): mysqli->query('INSERT INTO `pa...', 0)
#1 /home/storage/d/84/d2/axonsneurologia1/project/system/Database/BaseConnection.php(666): CodeIgniter\Database\MySQLi\Connection->execute('INSERT INTO `pa...')
#2 /home/storage/d/84/d2/axonsneurologia1/project/system/Database/BaseConnection.php(593): CodeIgniter\Database\BaseConnection->simpleQuery('INSERT INTO `pa...')
#3 /home/storage/d/84/d2/axonsneurologia1/project/system/Database/BaseBuilder.php(1916): CodeIgniter\Database\BaseConnection->query('INSERT INTO `pa...', Array, false)
#4 /home/storage/d/84/d2/axonsneurologia1/project/system/Model.php(303): CodeIgniter\Database\BaseBuilder->insert()
#5 /home/storage/d/84/d2/axonsneurologia1/project/system/BaseModel.php(750): CodeIgniter\Model->doInsert(Array)
#6 /home/storage/d/84/d2/axonsneurologia1/project/system/Model.php(699): CodeIgniter\BaseModel->insert(Array, true)
#7 /home/storage/d/84/d2/axonsneurologia1/project/app/Controllers/Admin/Paginas.php(113): CodeIgniter\Model->insert(Array)
#8 /home/storage/d/84/d2/axonsneurologia1/project/app/Controllers/Admin/Paginas.php(71): App\Controllers\Admin\Paginas->save()
#9 /home/storage/d/84/d2/axonsneurologia1/project/system/CodeIgniter.php(925): App\Controllers\Admin\Paginas->create()
#10 /home/storage/d/84/d2/axonsneurologia1/project/system/CodeIgniter.php(480): CodeIgniter\CodeIgniter->runController(Object(App\Controllers\Admin\Paginas))
#11 /home/storage/d/84/d2/axonsneurologia1/project/system/CodeIgniter.php(349): CodeIgniter\CodeIgniter->handleRequest(NULL, Object(Config\Cache), false)
#12 /home/storage/d/84/d2/axonsneurologia1/public_html/index.php(67): CodeIgniter\CodeIgniter->run()
#13 {main}
CRITICAL - 2023-02-27 11:17:24 --> Cannot add or update a child row: a foreign key constraint fails (`axonsneuro`.`paginas`, CONSTRAINT `paginas-categorias` FOREIGN KEY (`idCategoria`) REFERENCES `paginas_categorias` (`id`) ON DELETE NO ACTION ON UPDATE NO ACTION)
in SYSTEMPATH/Database/MySQLi/Connection.php on line 292.
 1 SYSTEMPATH/Database/MySQLi/Connection.php(292): mysqli->query('INSERT INTO `paginas` (`titulo`, `subtitulo`, `texto`, `status`, `idCategoria`, `capa`, `created_at`, `updated_at`) VALUES (\'Drº Marlon Figueiredo Alves Correa\', \'Neurologia geral, com subespecialidade em doenças desmielinizantes \', \'<div>Médico pela Universidade Federal do Mato Grosso (UFMT)</div><div><br></div><div>Residência Médica em Neurologia - Hospital Israelita Albert Einstein- São Paulo, SP.</div><div><br></div><div>Médico assistente do Hospital Israelita Albert Einstein- São Paulo, SP no centro de referência em Esclerose Múltipla 2018-2020</div><div><br></div><div>Membro Titular da Academia Brasileira de Neurologia</div><div><br></div><div>Título de Neurologista pela associação Brasileira de Neurologia</div>                          \\r\\n                        \', \'1\', \'Selecione\', \'https://axonsneurologia.com.br/uploads/img/1677511000.png\', \'2023-02-27 11:17:24\', \'2023-02-27 11:17:24\')', 0)
 2 SYSTEMPATH/Database/BaseConnection.php(666): CodeIgniter\Database\MySQLi\Connection->execute('INSERT INTO `paginas` (`titulo`, `subtitulo`, `texto`, `status`, `idCategoria`, `capa`, `created_at`, `updated_at`) VALUES (\'Drº Marlon Figueiredo Alves Correa\', \'Neurologia geral, com subespecialidade em doenças desmielinizantes \', \'<div>Médico pela Universidade Federal do Mato Grosso (UFMT)</div><div><br></div><div>Residência Médica em Neurologia - Hospital Israelita Albert Einstein- São Paulo, SP.</div><div><br></div><div>Médico assistente do Hospital Israelita Albert Einstein- São Paulo, SP no centro de referência em Esclerose Múltipla 2018-2020</div><div><br></div><div>Membro Titular da Academia Brasileira de Neurologia</div><div><br></div><div>Título de Neurologista pela associação Brasileira de Neurologia</div>                          \\r\\n                        \', \'1\', \'Selecione\', \'https://axonsneurologia.com.br/uploads/img/1677511000.png\', \'2023-02-27 11:17:24\', \'2023-02-27 11:17:24\')')
 3 SYSTEMPATH/Database/BaseConnection.php(593): CodeIgniter\Database\BaseConnection->simpleQuery('INSERT INTO `paginas` (`titulo`, `subtitulo`, `texto`, `status`, `idCategoria`, `capa`, `created_at`, `updated_at`) VALUES (\'Drº Marlon Figueiredo Alves Correa\', \'Neurologia geral, com subespecialidade em doenças desmielinizantes \', \'<div>Médico pela Universidade Federal do Mato Grosso (UFMT)</div><div><br></div><div>Residência Médica em Neurologia - Hospital Israelita Albert Einstein- São Paulo, SP.</div><div><br></div><div>Médico assistente do Hospital Israelita Albert Einstein- São Paulo, SP no centro de referência em Esclerose Múltipla 2018-2020</div><div><br></div><div>Membro Titular da Academia Brasileira de Neurologia</div><div><br></div><div>Título de Neurologista pela associação Brasileira de Neurologia</div>                          \\r\\n                        \', \'1\', \'Selecione\', \'https://axonsneurologia.com.br/uploads/img/1677511000.png\', \'2023-02-27 11:17:24\', \'2023-02-27 11:17:24\')')
 4 SYSTEMPATH/Database/BaseBuilder.php(1916): CodeIgniter\Database\BaseConnection->query('INSERT INTO `paginas` (`titulo`, `subtitulo`, `texto`, `status`, `idCategoria`, `capa`, `created_at`, `updated_at`) VALUES (:titulo:, :subtitulo:, :texto:, :status:, :idCategoria:, :capa:, :created_at:, :updated_at:)', [...], false)
 5 SYSTEMPATH/Model.php(303): CodeIgniter\Database\BaseBuilder->insert()
 6 SYSTEMPATH/BaseModel.php(750): CodeIgniter\Model->doInsert([...])
 7 SYSTEMPATH/Model.php(699): CodeIgniter\BaseModel->insert([...], true)
 8 APPPATH/Controllers/Admin/Paginas.php(113): CodeIgniter\Model->insert([...])
 9 APPPATH/Controllers/Admin/Paginas.php(71): App\Controllers\Admin\Paginas->save()
10 SYSTEMPATH/CodeIgniter.php(925): App\Controllers\Admin\Paginas->create()
11 SYSTEMPATH/CodeIgniter.php(480): CodeIgniter\CodeIgniter->runController(Object(App\Controllers\Admin\Paginas))
12 SYSTEMPATH/CodeIgniter.php(349): CodeIgniter\CodeIgniter->handleRequest(null, Object(Config\Cache), false)
13 FCPATH/index.php(67): CodeIgniter\CodeIgniter->run()
CRITICAL - 2023-02-27 11:19:08 --> Undefined array key 1
in APPPATH/Views/site/corpo-clinico.php on line 19.
 1 APPPATH/Views/site/corpo-clinico.php(19): CodeIgniter\Debug\Exceptions->errorHandler(2, 'Undefined array key 1', 'APPPATH/Views/site/corpo-clinico.php', 19)
 2 SYSTEMPATH/View/View.php(213): include('APPPATH/Views/site/corpo-clinico.php')
 3 SYSTEMPATH/View/View.php(216): CodeIgniter\View\View->CodeIgniter\View\{closure}()
 4 SYSTEMPATH/Common.php(1135): CodeIgniter\View\View->render('site/corpo-clinico.php', [], true)
 5 APPPATH/Controllers/Site/CorpoClinico.php(22): view('site/corpo-clinico.php', [...])
 6 SYSTEMPATH/CodeIgniter.php(925): App\Controllers\Site\CorpoClinico->index()
 7 SYSTEMPATH/CodeIgniter.php(480): CodeIgniter\CodeIgniter->runController(Object(App\Controllers\Site\CorpoClinico))
 8 SYSTEMPATH/CodeIgniter.php(349): CodeIgniter\CodeIgniter->handleRequest(null, Object(Config\Cache), false)
 9 FCPATH/index.php(67): CodeIgniter\CodeIgniter->run()
CRITICAL - 2023-02-27 11:19:11 --> Undefined array key 1
in APPPATH/Views/site/corpo-clinico.php on line 19.
 1 APPPATH/Views/site/corpo-clinico.php(19): CodeIgniter\Debug\Exceptions->errorHandler(2, 'Undefined array key 1', 'APPPATH/Views/site/corpo-clinico.php', 19)
 2 SYSTEMPATH/View/View.php(213): include('APPPATH/Views/site/corpo-clinico.php')
 3 SYSTEMPATH/View/View.php(216): CodeIgniter\View\View->CodeIgniter\View\{closure}()
 4 SYSTEMPATH/Common.php(1135): CodeIgniter\View\View->render('site/corpo-clinico.php', [], true)
 5 APPPATH/Controllers/Site/CorpoClinico.php(22): view('site/corpo-clinico.php', [...])
 6 SYSTEMPATH/CodeIgniter.php(925): App\Controllers\Site\CorpoClinico->index()
 7 SYSTEMPATH/CodeIgniter.php(480): CodeIgniter\CodeIgniter->runController(Object(App\Controllers\Site\CorpoClinico))
 8 SYSTEMPATH/CodeIgniter.php(349): CodeIgniter\CodeIgniter->handleRequest(null, Object(Config\Cache), false)
 9 FCPATH/index.php(67): CodeIgniter\CodeIgniter->run()
CRITICAL - 2023-02-27 11:19:18 --> Undefined array key 1
in APPPATH/Views/site/corpo-clinico.php on line 19.
 1 APPPATH/Views/site/corpo-clinico.php(19): CodeIgniter\Debug\Exceptions->errorHandler(2, 'Undefined array key 1', 'APPPATH/Views/site/corpo-clinico.php', 19)
 2 SYSTEMPATH/View/View.php(213): include('APPPATH/Views/site/corpo-clinico.php')
 3 SYSTEMPATH/View/View.php(216): CodeIgniter\View\View->CodeIgniter\View\{closure}()
 4 SYSTEMPATH/Common.php(1135): CodeIgniter\View\View->render('site/corpo-clinico.php', [], true)
 5 APPPATH/Controllers/Site/CorpoClinico.php(22): view('site/corpo-clinico.php', [...])
 6 SYSTEMPATH/CodeIgniter.php(925): App\Controllers\Site\CorpoClinico->index()
 7 SYSTEMPATH/CodeIgniter.php(480): CodeIgniter\CodeIgniter->runController(Object(App\Controllers\Site\CorpoClinico))
 8 SYSTEMPATH/CodeIgniter.php(349): CodeIgniter\CodeIgniter->handleRequest(null, Object(Config\Cache), false)
 9 FCPATH/index.php(67): CodeIgniter\CodeIgniter->run()
CRITICAL - 2023-02-27 11:20:05 --> Undefined array key 1
in APPPATH/Views/site/corpo-clinico.php on line 19.
 1 APPPATH/Views/site/corpo-clinico.php(19): CodeIgniter\Debug\Exceptions->errorHandler(2, 'Undefined array key 1', 'APPPATH/Views/site/corpo-clinico.php', 19)
 2 SYSTEMPATH/View/View.php(213): include('APPPATH/Views/site/corpo-clinico.php')
 3 SYSTEMPATH/View/View.php(216): CodeIgniter\View\View->CodeIgniter\View\{closure}()
 4 SYSTEMPATH/Common.php(1135): CodeIgniter\View\View->render('site/corpo-clinico.php', [], true)
 5 APPPATH/Controllers/Site/CorpoClinico.php(22): view('site/corpo-clinico.php', [...])
 6 SYSTEMPATH/CodeIgniter.php(925): App\Controllers\Site\CorpoClinico->index()
 7 SYSTEMPATH/CodeIgniter.php(480): CodeIgniter\CodeIgniter->runController(Object(App\Controllers\Site\CorpoClinico))
 8 SYSTEMPATH/CodeIgniter.php(349): CodeIgniter\CodeIgniter->handleRequest(null, Object(Config\Cache), false)
 9 FCPATH/index.php(67): CodeIgniter\CodeIgniter->run()
CRITICAL - 2023-02-27 11:20:18 --> Undefined array key 1
in APPPATH/Views/site/corpo-clinico.php on line 19.
 1 APPPATH/Views/site/corpo-clinico.php(19): CodeIgniter\Debug\Exceptions->errorHandler(2, 'Undefined array key 1', 'APPPATH/Views/site/corpo-clinico.php', 19)
 2 SYSTEMPATH/View/View.php(213): include('APPPATH/Views/site/corpo-clinico.php')
 3 SYSTEMPATH/View/View.php(216): CodeIgniter\View\View->CodeIgniter\View\{closure}()
 4 SYSTEMPATH/Common.php(1135): CodeIgniter\View\View->render('site/corpo-clinico.php', [], true)
 5 APPPATH/Controllers/Site/CorpoClinico.php(22): view('site/corpo-clinico.php', [...])
 6 SYSTEMPATH/CodeIgniter.php(925): App\Controllers\Site\CorpoClinico->index()
 7 SYSTEMPATH/CodeIgniter.php(480): CodeIgniter\CodeIgniter->runController(Object(App\Controllers\Site\CorpoClinico))
 8 SYSTEMPATH/CodeIgniter.php(349): CodeIgniter\CodeIgniter->handleRequest(null, Object(Config\Cache), false)
 9 FCPATH/index.php(67): CodeIgniter\CodeIgniter->run()
CRITICAL - 2023-02-27 11:23:46 --> Undefined array key 1
in APPPATH/Views/site/corpo-clinico.php on line 19.
 1 APPPATH/Views/site/corpo-clinico.php(19): CodeIgniter\Debug\Exceptions->errorHandler(2, 'Undefined array key 1', 'APPPATH/Views/site/corpo-clinico.php', 19)
 2 SYSTEMPATH/View/View.php(213): include('APPPATH/Views/site/corpo-clinico.php')
 3 SYSTEMPATH/View/View.php(216): CodeIgniter\View\View->CodeIgniter\View\{closure}()
 4 SYSTEMPATH/Common.php(1135): CodeIgniter\View\View->render('site/corpo-clinico.php', [], true)
 5 APPPATH/Controllers/Site/CorpoClinico.php(22): view('site/corpo-clinico.php', [...])
 6 SYSTEMPATH/CodeIgniter.php(925): App\Controllers\Site\CorpoClinico->index()
 7 SYSTEMPATH/CodeIgniter.php(480): CodeIgniter\CodeIgniter->runController(Object(App\Controllers\Site\CorpoClinico))
 8 SYSTEMPATH/CodeIgniter.php(349): CodeIgniter\CodeIgniter->handleRequest(null, Object(Config\Cache), false)
 9 FCPATH/index.php(67): CodeIgniter\CodeIgniter->run()
CRITICAL - 2023-02-27 11:53:31 --> Undefined array key 1
in APPPATH/Views/site/corpo-clinico.php on line 19.
 1 APPPATH/Views/site/corpo-clinico.php(19): CodeIgniter\Debug\Exceptions->errorHandler(2, 'Undefined array key 1', 'APPPATH/Views/site/corpo-clinico.php', 19)
 2 SYSTEMPATH/View/View.php(213): include('APPPATH/Views/site/corpo-clinico.php')
 3 SYSTEMPATH/View/View.php(216): CodeIgniter\View\View->CodeIgniter\View\{closure}()
 4 SYSTEMPATH/Common.php(1135): CodeIgniter\View\View->render('site/corpo-clinico.php', [], true)
 5 APPPATH/Controllers/Site/CorpoClinico.php(22): view('site/corpo-clinico.php', [...])
 6 SYSTEMPATH/CodeIgniter.php(925): App\Controllers\Site\CorpoClinico->index()
 7 SYSTEMPATH/CodeIgniter.php(480): CodeIgniter\CodeIgniter->runController(Object(App\Controllers\Site\CorpoClinico))
 8 SYSTEMPATH/CodeIgniter.php(349): CodeIgniter\CodeIgniter->handleRequest(null, Object(Config\Cache), false)
 9 FCPATH/index.php(67): CodeIgniter\CodeIgniter->run()
