ERROR - 2023-03-06 10:16:38 --> ErrorException: SQLite3::query(): Unable to prepare statement: 1, no such table: db_noticias in C:\wamp64\www\axons\project\system\Database\SQLite3\Connection.php:131
Stack trace:
#0 [internal function]: CodeIgniter\Debug\Exceptions->errorHandler(2, 'SQLite3::query(...', 'C:\\wamp64\\www\\a...', 131)
#1 C:\wamp64\www\axons\project\system\Database\SQLite3\Connection.php(131): SQLite3->query('SELECT `db_noti...')
#2 C:\wamp64\www\axons\project\system\Database\BaseConnection.php(666): CodeIgniter\Database\SQLite3\Connection->execute('SELECT `db_noti...')
#3 C:\wamp64\www\axons\project\system\Database\BaseConnection.php(593): CodeIgniter\Database\BaseConnection->simpleQuery('SELECT `db_noti...')
#4 C:\wamp64\www\axons\project\system\Database\BaseBuilder.php(1585): CodeIgniter\Database\BaseConnection->query('SELECT `db_noti...', Array, false)
#5 C:\wamp64\www\axons\project\system\Model.php(202): CodeIgniter\Database\BaseBuilder->get()
#6 C:\wamp64\www\axons\project\system\BaseModel.php(525): CodeIgniter\Model->doFind(false, NULL)
#7 C:\wamp64\www\axons\project\app\Controllers\Site\Home.php(44): CodeIgniter\BaseModel->find()
#8 C:\wamp64\www\axons\project\system\CodeIgniter.php(925): App\Controllers\Site\Home->home()
#9 C:\wamp64\www\axons\project\system\CodeIgniter.php(480): CodeIgniter\CodeIgniter->runController(Object(App\Controllers\Site\Home))
#10 C:\wamp64\www\axons\project\system\CodeIgniter.php(349): CodeIgniter\CodeIgniter->handleRequest(NULL, Object(Config\Cache), false)
#11 C:\wamp64\www\axons\public\index.php(67): CodeIgniter\CodeIgniter->run()
#12 {main}
CRITICAL - 2023-03-06 10:16:38 --> SQLite3::query(): Unable to prepare statement: 1, no such table: db_noticias
in SYSTEMPATH\Database\SQLite3\Connection.php on line 131.
 1 [internal function]: CodeIgniter\Debug\Exceptions->errorHandler(2, 'SQLite3::query(): Unable to prepare statement: 1, no such table: db_noticias', 'SYSTEMPATH\\Database\\SQLite3\\Connection.php', 131)
 2 SYSTEMPATH\Database\SQLite3\Connection.php(131): SQLite3->query('SELECT `db_noticias`.`id` as `id`, `db_noticias`.`titulo` as `tituloNoticia`, `db_noticias`.`texto` as `texto`, `db_noticias_categorias`.`titulo` as `tituloCategoria`, `db_noticias`.`capa` as `capa`
FROM `db_noticias`
JOIN `db_noticias_categorias` ON `db_noticias`.`idCategoria` = `db_noticias_categorias`.`id`
WHERE `status` = 1
AND `db_noticias`.`deleted_at` IS NULL
ORDER BY `db_noticias`.`dataNoticia` desc
 LIMIT 3')
 3 SYSTEMPATH\Database\BaseConnection.php(666): CodeIgniter\Database\SQLite3\Connection->execute('SELECT `db_noticias`.`id` as `id`, `db_noticias`.`titulo` as `tituloNoticia`, `db_noticias`.`texto` as `texto`, `db_noticias_categorias`.`titulo` as `tituloCategoria`, `db_noticias`.`capa` as `capa`
FROM `db_noticias`
JOIN `db_noticias_categorias` ON `db_noticias`.`idCategoria` = `db_noticias_categorias`.`id`
WHERE `status` = 1
AND `db_noticias`.`deleted_at` IS NULL
ORDER BY `db_noticias`.`dataNoticia` desc
 LIMIT 3')
 4 SYSTEMPATH\Database\BaseConnection.php(593): CodeIgniter\Database\BaseConnection->simpleQuery('SELECT `db_noticias`.`id` as `id`, `db_noticias`.`titulo` as `tituloNoticia`, `db_noticias`.`texto` as `texto`, `db_noticias_categorias`.`titulo` as `tituloCategoria`, `db_noticias`.`capa` as `capa`
FROM `db_noticias`
JOIN `db_noticias_categorias` ON `db_noticias`.`idCategoria` = `db_noticias_categorias`.`id`
WHERE `status` = 1
AND `db_noticias`.`deleted_at` IS NULL
ORDER BY `db_noticias`.`dataNoticia` desc
 LIMIT 3')
 5 SYSTEMPATH\Database\BaseBuilder.php(1585): CodeIgniter\Database\BaseConnection->query('SELECT `db_noticias`.`id` as `id`, `db_noticias`.`titulo` as `tituloNoticia`, `db_noticias`.`texto` as `texto`, `db_noticias_categorias`.`titulo` as `tituloCategoria`, `db_noticias`.`capa` as `capa`
FROM `db_noticias`
JOIN `db_noticias_categorias` ON `db_noticias`.`idCategoria` = `db_noticias_categorias`.`id`
WHERE `status` = :status:
AND `db_noticias`.`deleted_at` IS NULL
ORDER BY `db_noticias`.`dataNoticia` desc
 LIMIT 3', [...], false)
 6 SYSTEMPATH\Model.php(202): CodeIgniter\Database\BaseBuilder->get()
 7 SYSTEMPATH\BaseModel.php(525): CodeIgniter\Model->doFind(false, null)
 8 APPPATH\Controllers\Site\Home.php(44): CodeIgniter\BaseModel->find()
 9 SYSTEMPATH\CodeIgniter.php(925): App\Controllers\Site\Home->home()
10 SYSTEMPATH\CodeIgniter.php(480): CodeIgniter\CodeIgniter->runController(Object(App\Controllers\Site\Home))
11 SYSTEMPATH\CodeIgniter.php(349): CodeIgniter\CodeIgniter->handleRequest(null, Object(Config\Cache), false)
12 FCPATH\index.php(67): CodeIgniter\CodeIgniter->run()
