CRITICAL - 2023-02-09 10:32:22 --> Call to undefined function App\Controllers\Site\init()
in APPPATH/Controllers/Site/Blog.php on line 21.
 1 SYSTEMPATH/CodeIgniter.php(925): App\Controllers\Site\Blog->index()
 2 SYSTEMPATH/CodeIgniter.php(480): CodeIgniter\CodeIgniter->runController(Object(App\Controllers\Site\Blog))
 3 SYSTEMPATH/CodeIgniter.php(349): CodeIgniter\CodeIgniter->handleRequest(null, Object(Config\Cache), false)
 4 FCPATH/index.php(67): CodeIgniter\CodeIgniter->run()
ERROR - 2023-02-09 18:45:10 --> Email: sendWithSmtp throwed ErrorException: fsockopen(): Unable to connect to sandbox.smtp.mailtrap.io:2525 (Connection timed out) in /home/storage/d/84/d2/axonsneurologia1/project/system/Email/Email.php:1864
Stack trace:
#0 [internal function]: CodeIgniter\Debug\Exceptions->errorHandler(2, 'fsockopen(): Un...', '/home/storage/d...', 1864)
#1 /home/storage/d/84/d2/axonsneurologia1/project/system/Email/Email.php(1864): fsockopen('sandbox.smtp.ma...', 2525, NULL, NULL, 5)
#2 /home/storage/d/84/d2/axonsneurologia1/project/system/Email/Email.php(1778): CodeIgniter\Email\Email->SMTPConnect()
#3 /home/storage/d/84/d2/axonsneurologia1/project/system/Email/Email.php(1663): CodeIgniter\Email\Email->sendWithSmtp()
#4 /home/storage/d/84/d2/axonsneurologia1/project/system/Email/Email.php(1561): CodeIgniter\Email\Email->spoolEmail()
#5 /home/storage/d/84/d2/axonsneurologia1/project/app/Controllers/Site/Contatos.php(52): CodeIgniter\Email\Email->send()
#6 /home/storage/d/84/d2/axonsneurologia1/project/system/CodeIgniter.php(925): App\Controllers\Site\Contatos->sendMail()
#7 /home/storage/d/84/d2/axonsneurologia1/project/system/CodeIgniter.php(480): CodeIgniter\CodeIgniter->runController(Object(App\Controllers\Site\Contatos))
#8 /home/storage/d/84/d2/axonsneurologia1/project/system/CodeIgniter.php(349): CodeIgniter\CodeIgniter->handleRequest(NULL, Object(Config\Cache), false)
#9 /home/storage/d/84/d2/axonsneurologia1/public_html/index.php(67): CodeIgniter\CodeIgniter->run()
#10 {main}
ERROR - 2023-02-09 18:45:10 --> Email: Não é possível enviar e-mail usando o PHP SMTP. Seu servidor pode não estar configurado para enviar e-mails usando esse método.
ERROR - 2023-02-09 18:45:10 --> 
